[22:28:17] [Client thread/INFO]: Setting user: Player711
[22:28:19] [Client thread/WARN]: Skipping bad option: lastServer:
[22:28:19] [Client thread/INFO]: LWJGL Version: 2.9.4
[22:28:22] [Client thread/INFO]: Reloading ResourceManager: Default, FMLFileResourcePack:Forge Mod Loader, FMLFileResourcePack:Minecraft Forge, FMLFileResourcePack:ReviveMod
[22:28:24] [Sound Library Loader/INFO]: Starting up SoundSystem...
[22:28:25] [Thread-8/INFO]: Initializing LWJGL OpenAL
[22:28:25] [Thread-8/INFO]: (The LWJGL binding of OpenAL.  For more information, see http://www.lwjgl.org)
[22:28:25] [Thread-8/INFO]: OpenAL initialized.
[22:28:25] [Sound Library Loader/INFO]: Sound engine started
[22:28:28] [Client thread/INFO]: Created: 16x16 textures-atlas
[22:28:29] [Client thread/INFO]: Reloading ResourceManager: Default, FMLFileResourcePack:Forge Mod Loader, FMLFileResourcePack:Minecraft Forge, FMLFileResourcePack:ReviveMod
[22:28:31] [Client thread/INFO]: SoundSystem shutting down...
[22:28:31] [Client thread/WARN]: Author: Paul Lamb, www.paulscode.com
[22:28:31] [Sound Library Loader/INFO]: Starting up SoundSystem...
[22:28:31] [Thread-10/INFO]: Initializing LWJGL OpenAL
[22:28:31] [Thread-10/INFO]: (The LWJGL binding of OpenAL.  For more information, see http://www.lwjgl.org)
[22:28:31] [Thread-10/INFO]: OpenAL initialized.
[22:28:32] [Sound Library Loader/INFO]: Sound engine started
[22:28:34] [Client thread/INFO]: Created: 512x512 textures-atlas
[22:28:35] [Client thread/WARN]: Skipping bad option: lastServer:
[22:28:36] [Realms Notification Availability checker #1/INFO]: Could not authorize you against Realms server: Invalid session id
[22:29:15] [Client thread/INFO]: Stopping!
[22:29:15] [Client thread/INFO]: SoundSystem shutting down...
[22:29:15] [Client thread/WARN]: Author: Paul Lamb, www.paulscode.com
